Loading conda_R/4.1.x
Loading required package: MatrixGenerics
Loading required package: matrixStats

Attaching package: ‘MatrixGenerics’

The following objects are masked from ‘package:matrixStats’:

    colAlls, colAnyNAs, colAnys, colAvgsPerRowSet, colCollapse,
    colCounts, colCummaxs, colCummins, colCumprods, colCumsums,
    colDiffs, colIQRDiffs, colIQRs, colLogSumExps, colMadDiffs,
    colMads, colMaxs, colMeans2, colMedians, colMins, colOrderStats,
    colProds, colQuantiles, colRanges, colRanks, colSdDiffs, colSds,
    colSums2, colTabulates, colVarDiffs, colVars, colWeightedMads,
    colWeightedMeans, colWeightedMedians, colWeightedSds,
    colWeightedVars, rowAlls, rowAnyNAs, rowAnys, rowAvgsPerColSet,
    rowCollapse, rowCounts, rowCummaxs, rowCummins, rowCumprods,
    rowCumsums, rowDiffs, rowIQRDiffs, rowIQRs, rowLogSumExps,
    rowMadDiffs, rowMads, rowMaxs, rowMeans2, rowMedians, rowMins,
    rowOrderStats, rowProds, rowQuantiles, rowRanges, rowRanks,
    rowSdDiffs, rowSds, rowSums2, rowTabulates, rowVarDiffs, rowVars,
    rowWeightedMads, rowWeightedMeans, rowWeightedMedians,
    rowWeightedSds, rowWeightedVars

Loading required package: GenomicRanges
Loading required package: stats4
Loading required package: BiocGenerics

Attaching package: ‘BiocGenerics’

The following objects are masked from ‘package:stats’:

    IQR, mad, sd, var, xtabs

The following objects are masked from ‘package:base’:

    anyDuplicated, append, as.data.frame, basename, cbind, colnames,
    dirname, do.call, duplicated, eval, evalq, Filter, Find, get, grep,
    grepl, intersect, is.unsorted, lapply, Map, mapply, match, mget,
    order, paste, pmax, pmax.int, pmin, pmin.int, Position, rank,
    rbind, Reduce, rownames, sapply, setdiff, sort, table, tapply,
    union, unique, unsplit, which.max, which.min

Loading required package: S4Vectors

Attaching package: ‘S4Vectors’

The following objects are masked from ‘package:base’:

    expand.grid, I, unname

Loading required package: IRanges
Loading required package: GenomeInfoDb
Loading required package: Biobase
Welcome to Bioconductor

    Vignettes contain introductory material; view with
    'browseVignettes()'. To cite Bioconductor, see
    'citation("Biobase")', and for packages 'citation("pkgname")'.


Attaching package: ‘Biobase’

The following object is masked from ‘package:MatrixGenerics’:

    rowMedians

The following objects are masked from ‘package:matrixStats’:

    anyMissing, rowMedians

here() starts at /dcs04/lieber/lcolladotor/joelPTSD_LIBD3040/joelPTSD_year2
Loading objects:
  rse_gene
Loading conda_R/4.1.x
Loading required package: MatrixGenerics
Loading required package: matrixStats

Attaching package: ‘MatrixGenerics’

The following objects are masked from ‘package:matrixStats’:

    colAlls, colAnyNAs, colAnys, colAvgsPerRowSet, colCollapse,
    colCounts, colCummaxs, colCummins, colCumprods, colCumsums,
    colDiffs, colIQRDiffs, colIQRs, colLogSumExps, colMadDiffs,
    colMads, colMaxs, colMeans2, colMedians, colMins, colOrderStats,
    colProds, colQuantiles, colRanges, colRanks, colSdDiffs, colSds,
    colSums2, colTabulates, colVarDiffs, colVars, colWeightedMads,
    colWeightedMeans, colWeightedMedians, colWeightedSds,
    colWeightedVars, rowAlls, rowAnyNAs, rowAnys, rowAvgsPerColSet,
    rowCollapse, rowCounts, rowCummaxs, rowCummins, rowCumprods,
    rowCumsums, rowDiffs, rowIQRDiffs, rowIQRs, rowLogSumExps,
    rowMadDiffs, rowMads, rowMaxs, rowMeans2, rowMedians, rowMins,
    rowOrderStats, rowProds, rowQuantiles, rowRanges, rowRanks,
    rowSdDiffs, rowSds, rowSums2, rowTabulates, rowVarDiffs, rowVars,
    rowWeightedMads, rowWeightedMeans, rowWeightedMedians,
    rowWeightedSds, rowWeightedVars

Loading required package: GenomicRanges
Loading required package: stats4
Loading required package: BiocGenerics

Attaching package: ‘BiocGenerics’

The following objects are masked from ‘package:stats’:

    IQR, mad, sd, var, xtabs

The following objects are masked from ‘package:base’:

    anyDuplicated, append, as.data.frame, basename, cbind, colnames,
    dirname, do.call, duplicated, eval, evalq, Filter, Find, get, grep,
    grepl, intersect, is.unsorted, lapply, Map, mapply, match, mget,
    order, paste, pmax, pmax.int, pmin, pmin.int, Position, rank,
    rbind, Reduce, rownames, sapply, setdiff, sort, table, tapply,
    union, unique, unsplit, which.max, which.min

Loading required package: S4Vectors

Attaching package: ‘S4Vectors’

The following objects are masked from ‘package:base’:

    expand.grid, I, unname

Loading required package: IRanges
Loading required package: GenomeInfoDb
Loading required package: Biobase
Welcome to Bioconductor

    Vignettes contain introductory material; view with
    'browseVignettes()'. To cite Bioconductor, see
    'citation("Biobase")', and for packages 'citation("pkgname")'.


Attaching package: ‘Biobase’

The following object is masked from ‘package:MatrixGenerics’:

    rowMedians

The following objects are masked from ‘package:matrixStats’:

    anyMissing, rowMedians

here() starts at /dcs04/lieber/lcolladotor/joelPTSD_LIBD3040/joelPTSD_year2
Loading objects:
  rse_gene
Loading objects:
  rse_gene
[1] "Adapter88-89_R1"             "Adapter88-89_R2"            
[3] "ERCCsumLogErr"               "gene_Unassigned_Nonjunction"
character(0)
Loading objects:
  rse_exon
Loading objects:
  rse_exon
Loading objects:
  rse_tx
Loading objects:
  rse_tx
           used  (Mb) gc trigger   (Mb)  max used   (Mb)
Ncells  4921020 262.9   13901012  742.4   8263106  441.3
Vcells 10581155  80.8  239330069 1826.0 319724017 2439.4
Loading objects:
  rse_jx
Loading objects:
  rse_jx
[1] 2419047
[1] 2405952
─ Session info ───────────────────────────────────────────────────────────────
 setting  value
 version  R version 4.1.2 Patched (2021-11-04 r81138)
 os       CentOS Linux 7 (Core)
 system   x86_64, linux-gnu
 ui       X11
 language (EN)
 collate  en_US.UTF-8
 ctype    en_US.UTF-8
 tz       US/Eastern
 date     2022-05-20
 pandoc   2.13 @ /jhpce/shared/jhpce/core/conda/miniconda3-4.6.14/envs/svnR-4.1.x/bin/pandoc

─ Packages ───────────────────────────────────────────────────────────────────
 package              * version  date (UTC) lib source
 Biobase              * 2.54.0   2021-10-26 [2] Bioconductor
 BiocGenerics         * 0.40.0   2021-10-26 [2] Bioconductor
 bitops                 1.0-7    2021-04-24 [2] CRAN (R 4.1.0)
 cli                    3.3.0    2022-04-25 [2] CRAN (R 4.1.2)
 DelayedArray           0.20.0   2021-10-26 [2] Bioconductor
 GenomeInfoDb         * 1.30.1   2022-01-30 [2] Bioconductor
 GenomeInfoDbData       1.2.7    2021-11-01 [2] Bioconductor
 GenomicRanges        * 1.46.1   2021-11-18 [2] Bioconductor
 here                 * 1.0.1    2020-12-13 [1] CRAN (R 4.1.1)
 IRanges              * 2.28.0   2021-10-26 [2] Bioconductor
 lattice                0.20-45  2021-09-22 [3] CRAN (R 4.1.2)
 Matrix                 1.4-1    2022-03-23 [3] CRAN (R 4.1.2)
 MatrixGenerics       * 1.6.0    2021-10-26 [2] Bioconductor
 matrixStats          * 0.62.0   2022-04-19 [2] CRAN (R 4.1.2)
 RCurl                  1.98-1.6 2022-02-08 [2] CRAN (R 4.1.2)
 rprojroot              2.0.3    2022-04-02 [2] CRAN (R 4.1.2)
 S4Vectors            * 0.32.4   2022-03-24 [2] Bioconductor
 sessioninfo          * 1.2.2    2021-12-06 [2] CRAN (R 4.1.2)
 SummarizedExperiment * 1.24.0   2021-10-26 [2] Bioconductor
 XVector                0.34.0   2021-10-26 [2] Bioconductor
 zlibbioc               1.40.0   2021-10-26 [2] Bioconductor

 [1] /users/neagles/R/4.1.x
 [2] /jhpce/shared/jhpce/core/conda/miniconda3-4.6.14/envs/svnR-4.1.x/R/4.1.x/lib64/R/site-library
 [3] /jhpce/shared/jhpce/core/conda/miniconda3-4.6.14/envs/svnR-4.1.x/R/4.1.x/lib64/R/library

──────────────────────────────────────────────────────────────────────────────
