Loading conda_R/4.1.x
Loading required package: rafalib
here() starts at /dcs04/lieber/lcolladotor/joelPTSD_LIBD3040/joelPTSD_year2
  [1] TRUE TRUE TRUE TRUE TRUE TRUE TRUE TRUE TRUE TRUE TRUE TRUE TRUE TRUE TRUE
 [16] TRUE TRUE TRUE TRUE TRUE TRUE TRUE TRUE TRUE TRUE TRUE TRUE TRUE TRUE TRUE
 [31] TRUE TRUE TRUE TRUE TRUE TRUE TRUE TRUE TRUE TRUE TRUE TRUE TRUE TRUE TRUE
 [46] TRUE TRUE TRUE TRUE TRUE TRUE TRUE TRUE TRUE TRUE TRUE TRUE TRUE TRUE TRUE
 [61] TRUE TRUE TRUE TRUE TRUE TRUE TRUE TRUE TRUE TRUE TRUE TRUE TRUE TRUE TRUE
 [76] TRUE TRUE TRUE TRUE TRUE TRUE TRUE TRUE TRUE TRUE TRUE TRUE TRUE TRUE TRUE
 [91] TRUE TRUE TRUE TRUE TRUE TRUE TRUE TRUE TRUE TRUE TRUE TRUE TRUE TRUE TRUE
[106] TRUE TRUE TRUE TRUE TRUE TRUE TRUE TRUE TRUE TRUE TRUE TRUE TRUE TRUE TRUE
[121] TRUE TRUE TRUE TRUE TRUE TRUE TRUE TRUE TRUE TRUE TRUE TRUE TRUE TRUE TRUE
[136] TRUE TRUE TRUE TRUE TRUE TRUE TRUE TRUE TRUE TRUE TRUE TRUE TRUE TRUE TRUE
[151] TRUE TRUE TRUE TRUE TRUE TRUE TRUE TRUE TRUE TRUE TRUE TRUE TRUE TRUE TRUE
[166] TRUE TRUE TRUE TRUE TRUE TRUE TRUE TRUE TRUE TRUE TRUE TRUE TRUE TRUE TRUE
[181] TRUE TRUE TRUE TRUE TRUE TRUE TRUE TRUE TRUE TRUE TRUE TRUE TRUE TRUE TRUE
[196] TRUE TRUE TRUE TRUE TRUE TRUE TRUE TRUE TRUE TRUE TRUE TRUE TRUE TRUE TRUE
[211] TRUE TRUE TRUE TRUE TRUE TRUE TRUE TRUE TRUE TRUE TRUE TRUE TRUE TRUE TRUE
[226] TRUE TRUE TRUE TRUE TRUE TRUE TRUE TRUE TRUE TRUE TRUE TRUE TRUE TRUE TRUE
[241] TRUE TRUE TRUE TRUE TRUE TRUE TRUE TRUE TRUE TRUE TRUE TRUE TRUE TRUE TRUE
[256] TRUE TRUE TRUE TRUE TRUE TRUE TRUE TRUE TRUE TRUE TRUE TRUE TRUE TRUE TRUE
[271] TRUE TRUE TRUE TRUE TRUE TRUE TRUE TRUE TRUE TRUE TRUE TRUE TRUE TRUE TRUE
[286] TRUE TRUE TRUE TRUE TRUE TRUE TRUE TRUE TRUE TRUE TRUE TRUE TRUE TRUE TRUE
[301] TRUE TRUE TRUE TRUE TRUE TRUE TRUE TRUE TRUE TRUE TRUE TRUE TRUE TRUE TRUE
[316] TRUE TRUE TRUE TRUE TRUE TRUE TRUE TRUE TRUE TRUE TRUE TRUE TRUE TRUE TRUE
[331] TRUE TRUE TRUE TRUE TRUE TRUE TRUE TRUE TRUE TRUE TRUE TRUE TRUE TRUE TRUE
[346] TRUE TRUE TRUE TRUE TRUE TRUE TRUE TRUE TRUE TRUE TRUE TRUE TRUE TRUE TRUE
[361] TRUE TRUE TRUE TRUE TRUE TRUE TRUE TRUE TRUE TRUE TRUE TRUE TRUE TRUE TRUE
[376] TRUE TRUE TRUE TRUE TRUE TRUE TRUE TRUE TRUE TRUE TRUE TRUE TRUE TRUE TRUE
[391] TRUE TRUE TRUE TRUE TRUE TRUE TRUE TRUE TRUE TRUE TRUE TRUE TRUE TRUE TRUE
[406] TRUE TRUE TRUE TRUE TRUE TRUE TRUE TRUE TRUE TRUE TRUE TRUE TRUE TRUE TRUE
[421] TRUE TRUE TRUE TRUE TRUE TRUE TRUE TRUE TRUE TRUE TRUE TRUE TRUE TRUE TRUE
[436] TRUE TRUE TRUE TRUE TRUE TRUE TRUE TRUE TRUE TRUE TRUE TRUE TRUE TRUE TRUE
[451] TRUE TRUE TRUE TRUE TRUE TRUE TRUE TRUE TRUE TRUE TRUE TRUE TRUE TRUE TRUE
[466] TRUE TRUE TRUE TRUE TRUE TRUE TRUE TRUE TRUE TRUE TRUE TRUE TRUE TRUE TRUE
[481] TRUE TRUE TRUE TRUE TRUE TRUE TRUE
  [1] TRUE TRUE TRUE TRUE TRUE TRUE TRUE TRUE TRUE TRUE TRUE TRUE TRUE TRUE TRUE
 [16] TRUE TRUE TRUE TRUE TRUE TRUE TRUE TRUE TRUE TRUE TRUE TRUE TRUE TRUE TRUE
 [31] TRUE TRUE TRUE TRUE TRUE TRUE TRUE TRUE TRUE TRUE TRUE TRUE TRUE TRUE TRUE
 [46] TRUE TRUE TRUE TRUE TRUE TRUE TRUE TRUE TRUE TRUE TRUE TRUE TRUE TRUE TRUE
 [61] TRUE TRUE TRUE TRUE TRUE TRUE TRUE TRUE TRUE TRUE TRUE TRUE TRUE TRUE TRUE
 [76] TRUE TRUE TRUE TRUE TRUE TRUE TRUE TRUE TRUE TRUE TRUE TRUE TRUE TRUE TRUE
 [91] TRUE TRUE TRUE TRUE TRUE TRUE TRUE TRUE TRUE TRUE TRUE TRUE TRUE TRUE TRUE
[106] TRUE TRUE TRUE TRUE TRUE TRUE TRUE TRUE TRUE TRUE TRUE TRUE TRUE TRUE TRUE
[121] TRUE TRUE TRUE TRUE TRUE TRUE TRUE TRUE TRUE TRUE TRUE TRUE TRUE TRUE TRUE
[136] TRUE TRUE TRUE TRUE TRUE TRUE TRUE TRUE TRUE TRUE TRUE TRUE TRUE TRUE TRUE
[151] TRUE TRUE TRUE TRUE TRUE TRUE TRUE TRUE TRUE TRUE TRUE TRUE TRUE TRUE TRUE
[166] TRUE TRUE TRUE TRUE TRUE TRUE TRUE TRUE TRUE TRUE TRUE TRUE TRUE TRUE TRUE
[181] TRUE TRUE TRUE TRUE TRUE TRUE TRUE TRUE TRUE TRUE TRUE TRUE TRUE TRUE TRUE
[196] TRUE TRUE TRUE TRUE TRUE TRUE TRUE TRUE TRUE TRUE TRUE TRUE TRUE TRUE TRUE
[211] TRUE TRUE TRUE TRUE TRUE TRUE TRUE TRUE TRUE TRUE TRUE TRUE TRUE TRUE TRUE
[226] TRUE TRUE TRUE TRUE TRUE TRUE TRUE TRUE TRUE TRUE TRUE TRUE TRUE TRUE TRUE
[241] TRUE TRUE TRUE TRUE TRUE TRUE TRUE TRUE TRUE TRUE TRUE TRUE TRUE TRUE TRUE
[256] TRUE TRUE TRUE TRUE TRUE TRUE TRUE TRUE TRUE TRUE TRUE TRUE TRUE TRUE TRUE
[271] TRUE TRUE TRUE TRUE TRUE TRUE TRUE TRUE TRUE TRUE TRUE TRUE TRUE TRUE TRUE
[286] TRUE TRUE TRUE TRUE TRUE TRUE TRUE TRUE TRUE TRUE TRUE TRUE TRUE TRUE TRUE
[301] TRUE TRUE TRUE TRUE TRUE TRUE TRUE TRUE TRUE TRUE TRUE TRUE TRUE TRUE TRUE
[316] TRUE TRUE TRUE TRUE TRUE TRUE TRUE TRUE TRUE TRUE TRUE TRUE TRUE TRUE TRUE
[331] TRUE TRUE TRUE TRUE TRUE TRUE TRUE TRUE TRUE TRUE TRUE TRUE TRUE TRUE TRUE
[346] TRUE TRUE TRUE TRUE TRUE TRUE TRUE TRUE TRUE TRUE TRUE TRUE TRUE TRUE TRUE
[361] TRUE TRUE TRUE TRUE TRUE TRUE TRUE TRUE TRUE TRUE TRUE TRUE TRUE TRUE TRUE
[376] TRUE TRUE TRUE TRUE TRUE TRUE TRUE TRUE TRUE TRUE TRUE TRUE TRUE TRUE TRUE
[391] TRUE TRUE TRUE TRUE TRUE TRUE TRUE TRUE TRUE TRUE TRUE TRUE TRUE TRUE TRUE
[406] TRUE TRUE TRUE TRUE TRUE TRUE TRUE TRUE TRUE TRUE TRUE TRUE TRUE TRUE TRUE
[421] TRUE TRUE TRUE TRUE TRUE TRUE TRUE TRUE TRUE TRUE TRUE TRUE TRUE TRUE TRUE
[436] TRUE TRUE TRUE TRUE TRUE TRUE TRUE TRUE TRUE TRUE TRUE TRUE TRUE TRUE TRUE
[451] TRUE TRUE TRUE TRUE TRUE TRUE TRUE TRUE TRUE TRUE TRUE TRUE TRUE TRUE TRUE
[466] TRUE TRUE TRUE TRUE TRUE TRUE TRUE TRUE TRUE TRUE TRUE TRUE TRUE TRUE TRUE
[481] TRUE TRUE TRUE TRUE TRUE TRUE TRUE
─ Session info ───────────────────────────────────────────────────────────────
 setting  value
 version  R version 4.1.2 Patched (2021-11-04 r81138)
 os       CentOS Linux 7 (Core)
 system   x86_64, linux-gnu
 ui       X11
 language (EN)
 collate  en_US.UTF-8
 ctype    en_US.UTF-8
 tz       US/Eastern
 date     2022-01-31
 pandoc   2.13 @ /jhpce/shared/jhpce/core/conda/miniconda3-4.6.14/envs/svnR-4.1.x/bin/pandoc

─ Packages ───────────────────────────────────────────────────────────────────
 package              * version  date (UTC) lib source
 assertthat             0.2.1    2019-03-21 [2] CRAN (R 4.1.0)
 Biobase                2.54.0   2021-10-26 [2] Bioconductor
 BiocGenerics           0.40.0   2021-10-26 [2] Bioconductor
 bitops                 1.0-7    2021-04-24 [2] CRAN (R 4.1.0)
 cli                    3.1.1    2022-01-20 [2] CRAN (R 4.1.2)
 crayon                 1.4.2    2021-10-29 [2] CRAN (R 4.1.2)
 DBI                    1.1.2    2021-12-20 [2] CRAN (R 4.1.2)
 DelayedArray           0.20.0   2021-10-26 [2] Bioconductor
 dplyr                  1.0.7    2021-06-18 [2] CRAN (R 4.1.0)
 ellipsis               0.3.2    2021-04-29 [2] CRAN (R 4.1.0)
 fansi                  1.0.2    2022-01-14 [2] CRAN (R 4.1.2)
 fs                     1.5.2    2021-12-08 [2] CRAN (R 4.1.2)
 gargle                 1.2.0    2021-07-02 [2] CRAN (R 4.1.0)
 generics               0.1.1    2021-10-25 [2] CRAN (R 4.1.2)
 GenomeInfoDb           1.30.0   2021-10-26 [2] Bioconductor
 GenomeInfoDbData       1.2.7    2021-11-01 [2] Bioconductor
 GenomicRanges          1.46.1   2021-11-18 [2] Bioconductor
 glue                   1.6.1    2022-01-22 [2] CRAN (R 4.1.2)
 googledrive            2.0.0    2021-07-08 [2] CRAN (R 4.1.0)
 here                 * 1.0.1    2020-12-13 [1] CRAN (R 4.1.1)
 IRanges                2.28.0   2021-10-26 [2] Bioconductor
 jaffelab             * 0.99.31  2021-08-25 [1] Github (LieberInstitute/jaffelab@2cbd55a)
 lattice                0.20-45  2021-09-22 [3] CRAN (R 4.1.2)
 lifecycle              1.0.1    2021-09-24 [2] CRAN (R 4.1.2)
 limma                  3.50.0   2021-10-26 [2] Bioconductor
 magrittr               2.0.2    2022-01-26 [2] CRAN (R 4.1.2)
 Matrix                 1.4-0    2021-12-08 [3] CRAN (R 4.1.2)
 MatrixGenerics         1.6.0    2021-10-26 [2] Bioconductor
 matrixStats            0.61.0   2021-09-17 [2] CRAN (R 4.1.2)
 pillar                 1.6.5    2022-01-25 [2] CRAN (R 4.1.2)
 pkgconfig              2.0.3    2019-09-22 [2] CRAN (R 4.1.0)
 purrr                  0.3.4    2020-04-17 [2] CRAN (R 4.1.0)
 R6                     2.5.1    2021-08-19 [2] CRAN (R 4.1.2)
 rafalib              * 1.0.0    2015-08-09 [1] CRAN (R 4.1.1)
 RColorBrewer           1.1-2    2014-12-07 [2] CRAN (R 4.1.0)
 RCurl                  1.98-1.5 2021-09-17 [2] CRAN (R 4.1.2)
 rlang                  1.0.0    2022-01-26 [2] CRAN (R 4.1.2)
 rprojroot              2.0.2    2020-11-15 [2] CRAN (R 4.1.0)
 S4Vectors              0.32.3   2021-11-21 [2] Bioconductor
 segmented              1.3-4    2021-04-22 [1] CRAN (R 4.1.1)
 sessioninfo          * 1.2.2    2021-12-06 [2] CRAN (R 4.1.2)
 SummarizedExperiment   1.24.0   2021-10-26 [2] Bioconductor
 tibble                 3.1.6    2021-11-07 [2] CRAN (R 4.1.2)
 tidyselect             1.1.1    2021-04-30 [2] CRAN (R 4.1.0)
 utf8                   1.2.2    2021-07-24 [2] CRAN (R 4.1.0)
 vctrs                  0.3.8    2021-04-29 [2] CRAN (R 4.1.0)
 XVector                0.34.0   2021-10-26 [2] Bioconductor
 zlibbioc               1.40.0   2021-10-26 [2] Bioconductor

 [1] /users/neagles/R/4.1.x
 [2] /jhpce/shared/jhpce/core/conda/miniconda3-4.6.14/envs/svnR-4.1.x/R/4.1.x/lib64/R/site-library
 [3] /jhpce/shared/jhpce/core/conda/miniconda3-4.6.14/envs/svnR-4.1.x/R/4.1.x/lib64/R/library

──────────────────────────────────────────────────────────────────────────────
